[Message:   BepInEx] BepInEx 5.4.22.0 - Lethal Company (17.03.2024 13:47:24)
[Info   :   BepInEx] Running under Unity v2022.3.9.15351836
[Info   :   BepInEx] CLR runtime version: 4.0.30319.42000
[Info   :   BepInEx] Supports SRE: True
[Info   :   BepInEx] System platform: Bits64, Windows
[Message:   BepInEx] Preloader started
[Info   :   BepInEx] Loaded 1 patcher method from [BepInEx.Preloader 5.4.22.0]
[Info   :   BepInEx] 1 patcher plugin loaded
[Info   :   BepInEx] Patching [UnityEngine.CoreModule] with [BepInEx.Chainloader]
[Message:   BepInEx] Preloader finished
[Message:   BepInEx] Chainloader ready
[Message:   BepInEx] Chainloader started
[Info   :   BepInEx] 17 plugins to load
[Info   :   BepInEx] Loading [Lethal Company Input Utils 0.7.4]
[Info   :Lethal Company Input Utils] Registered InputUtilsExtendedMouse Layout Override!
[Info   :Lethal Company Input Utils] InputUtils 0.7.4 has finished loading!
[Info   :   BepInEx] Loading [RuntimeNetcodeRPCValidator 0.2.5]
[Info   :   BepInEx] Loading [BetterEmotes 1.5.0]
[Info   :BetterEmotes] BetterEmotes loading...
[Info   :RuntimeNetcodeRPCValidator] Patched 1 ServerRPC & 1 ClientRPC on NetworkBehaviour SignEmoteText.
[Info   :RuntimeNetcodeRPCValidator] Patched 1 ServerRPC & 1 ClientRPC on NetworkBehaviour SyncAnimatorToOthers.
[Info   :RuntimeNetcodeRPCValidator] Patched 2 ServerRPCs & 2 ClientRPCs on NetworkBehaviour SyncVRState.
[Info   :RuntimeNetcodeRPCValidator] Successfully registered first patch for type PlayerControllerB.Awake | Triggered by BetterEmotes
[Info   :BetterEmotes] BetterEmotes loaded
[Info   :   BepInEx] Loading [Custom Sounds 2.3.2]
[Info   :CustomSounds] "HideManagerGameObject" value not correctly set. Fixing it now.
[Info   :CustomSounds] Plugin CustomSounds is loaded!
[Info   :   BepInEx] Loading [BetterStamina 1.3.2]
[Info   :BetterStamina] BindingConfigs
[Info   :BetterStamina] BetterStamina loaded
[Info   :   BepInEx] Loading [ReservedItemSlotCore 2.0.30]
[Info   :ReservedItemSlotCore-2.0.30] BindingConfigs
[Info   :ReservedItemSlotCore-2.0.30] ReservedItemSlotCore loaded
[Info   :   BepInEx] Loading [ReservedFlashlightSlot 2.0.5]
[Info   :ReservedFlashlightSlot-2.0.5] BindingConfigs
[Info   :ReservedItemSlotCore-2.0.30] Created ReservedItemSlotData for: flashlight. Slot priority: 200
[Info   :ReservedFlashlightSlot-2.0.5] ReservedFlashlightSlot loaded
[Info   :   BepInEx] Loading [ReservedWalkieSlot 2.0.5]
[Info   :ReservedWalkieSlot-2.0.5] BindingConfigs
